#
# There is insufficient memory for the Java Runtime Environment to continue.
# Native memory allocation (malloc) failed to allocate 32744 bytes for ChunkPool::allocate
# Possible reasons:
#   The system is out of physical RAM or swap space
#   The process is running with CompressedOops enabled, and the Java Heap may be blocking the growth of the native heap
# Possible solutions:
#   Reduce memory load on the system
#   Increase physical memory or swap space
#   Check if swap backing store is full
#   Decrease Java heap size (-Xmx/-Xms)
#   Decrease number of Java threads
#   Decrease Java thread stack sizes (-Xss)
#   Set larger code cache with -XX:ReservedCodeCacheSize=
#   JVM is running with Unscaled Compressed Oops mode in which the Java heap is
#     placed in the first 4GB address space. The Java Heap base address is the
#     maximum limit for the native heap growth. Please use -XX:HeapBaseMinAddress
#     to set the Java Heap base and to place the Java Heap above 4GB virtual address.
# This output file may be truncated or incomplete.
#
#  Out of Memory Error (arena.cpp:78), pid=12488, tid=15624
#
# JRE version: Java(TM) SE Runtime Environment (17.0.7+8) (build 17.0.7+8-LTS-224)
# Java VM: Java HotSpot(TM) 64-Bit Server VM (17.0.7+8-LTS-224, mixed mode, sharing, tiered, compressed oops, compressed class ptrs, g1 gc, windows-amd64)
# No core dump will be written. Minidumps are not enabled by default on client versions of Windows
#

---------------  S U M M A R Y ------------

Command Line: -Dfile.encoding=UTF-8 --module-path=D:\Poly\build\classes com.edusys.ui.ChaoJDialog

Host: 11th Gen Intel(R) Core(TM) i5-11400H @ 2.70GHz, 12 cores, 7G,  Windows 11 , 64 bit Build 22621 (10.0.22621.2215)
Time: Tue Oct 17 18:43:37 2023 SE Asia Standard Time elapsed time: 148529.716906 seconds (1d 17h 15m 29s)

---------------  T H R E A D  ---------------

Current thread (0x000001a1eadee550):  JavaThread "C2 CompilerThread0" daemon [_thread_in_native, id=15624, stack(0x00000047d6a00000,0x00000047d6b00000)]


Current CompileTask:
C2:148529716 1943   !   4       sun.awt.PostEventQueue::flush (168 bytes)

Stack: [0x00000047d6a00000,0x00000047d6b00000]
Native frames: (J=compiled Java code, j=interpreted, Vv=VM code, C=native code)
V  [jvm.dll+0x676a4a]
V  [jvm.dll+0x7d74f4]
V  [jvm.dll+0x7d8c9e]
V  [jvm.dll+0x7d9303]
V  [jvm.dll+0x2452c5]
V  [jvm.dll+0xaac80]
V  [jvm.dll+0xaafcc]
V  [jvm.dll+0xaab44]
V  [jvm.dll+0x656414]
V  [jvm.dll+0x78ec8]
V  [jvm.dll+0x61106d]
V  [jvm.dll+0x33d4c9]
V  [jvm.dll+0x345e72]
V  [jvm.dll+0x684546]
V  [jvm.dll+0x1a67fc]
V  [jvm.dll+0x1a738b]
V  [jvm.dll+0x1a738b]
V  [jvm.dll+0x2a9e5c]
V  [jvm.dll+0x68f043]
V  [jvm.dll+0x687016]
V  [jvm.dll+0x686660]
V  [jvm.dll+0x68456a]
V  [jvm.dll+0x1a67fc]
V  [jvm.dll+0x1a738b]
V  [jvm.dll+0x1a738b]
V  [jvm.dll+0x2a9e5c]
V  [jvm.dll+0x68f043]
V  [jvm.dll+0x687016]
V  [jvm.dll+0x686660]
V  [jvm.dll+0x68456a]
V  [jvm.dll+0x1a67fc]
V  [jvm.dll+0x1a738b]
V  [jvm.dll+0x2a9e5c]
V  [jvm.dll+0x68f043]
V  [jvm.dll+0x687016]
V  [jvm.dll+0x686660]
V  [jvm.dll+0x68456a]
V  [jvm.dll+0x1a67fc]
V  [jvm.dll+0x1a738b]
V  [jvm.dll+0x2a9e5c]
V  [jvm.dll+0x68f043]
V  [jvm.dll+0x687016]
V  [jvm.dll+0x686660]
V  [jvm.dll+0x68456a]
V  [jvm.dll+0x1a67fc]
V  [jvm.dll+0x1a738b]
V  [jvm.dll+0x2a9e5c]
V  [jvm.dll+0x68f043]
V  [jvm.dll+0x687016]
V  [jvm.dll+0x686660]
V  [jvm.dll+0x68456a]
V  [jvm.dll+0x1a67fc]
V  [jvm.dll+0x216ab8]
V  [jvm.dll+0x1a35e0]
V  [jvm.dll+0x226a6e]
V  [jvm.dll+0x224e15]
V  [jvm.dll+0x78d05c]
V  [jvm.dll+0x78759a]
V  [jvm.dll+0x675875]
C  [ucrtbase.dll+0x29363]
C  [KERNEL32.DLL+0x1257d]
C  [ntdll.dll+0x5aa68]


---------------  P R O C E S S  ---------------

Threads class SMR info:
_java_thread_list=0x000001a1eb97db60, length=19, elements={
0x000001a1eadc5f00, 0x000001a1eadc89c0, 0x000001a1eaddfdb0, 0x000001a1eade0760,
0x000001a1eade5900, 0x000001a1eade62b0, 0x000001a1eadee550, 0x000001a1eadeeff0,
0x000001a1eadfc940, 0x000001a1eb8a2a10, 0x000001a1eb9200b0, 0x000001a1ebb02340,
0x000001a1ebb02810, 0x000001a1ebb14010, 0x000001a1ebb3b710, 0x000001a1ebb44910,
0x000001a1ecddb460, 0x000001a1ecdd9c50, 0x000001a1ecdd9780
}

Java Threads: ( => current thread )
  0x000001a1eadc5f00 JavaThread "Reference Handler" daemon [_thread_blocked, id=11100, stack(0x00000047d6400000,0x00000047d6500000)]
  0x000001a1eadc89c0 JavaThread "Finalizer" daemon [_thread_blocked, id=15152, stack(0x00000047d6500000,0x00000047d6600000)]
  0x000001a1eaddfdb0 JavaThread "Signal Dispatcher" daemon [_thread_blocked, id=33288, stack(0x00000047d6600000,0x00000047d6700000)]
  0x000001a1eade0760 JavaThread "Attach Listener" daemon [_thread_blocked, id=8304, stack(0x00000047d6700000,0x00000047d6800000)]
  0x000001a1eade5900 JavaThread "Service Thread" daemon [_thread_blocked, id=6580, stack(0x00000047d6800000,0x00000047d6900000)]
  0x000001a1eade62b0 JavaThread "Monitor Deflation Thread" daemon [_thread_blocked, id=13108, stack(0x00000047d6900000,0x00000047d6a00000)]
=>0x000001a1eadee550 JavaThread "C2 CompilerThread0" daemon [_thread_in_native, id=15624, stack(0x00000047d6a00000,0x00000047d6b00000)]
  0x000001a1eadeeff0 JavaThread "C1 CompilerThread0" daemon [_thread_blocked, id=19556, stack(0x00000047d6b00000,0x00000047d6c00000)]
  0x000001a1eadfc940 JavaThread "Sweeper thread" daemon [_thread_blocked, id=24460, stack(0x00000047d6c00000,0x00000047d6d00000)]
  0x000001a1eb8a2a10 JavaThread "Common-Cleaner" daemon [_thread_blocked, id=16880, stack(0x00000047d6d00000,0x00000047d6e00000)]
  0x000001a1eb9200b0 JavaThread "Notification Thread" daemon [_thread_blocked, id=33328, stack(0x00000047d6e00000,0x00000047d6f00000)]
  0x000001a1ebb02340 JavaThread "Java2D Disposer" daemon [_thread_blocked, id=18292, stack(0x00000047d7000000,0x00000047d7100000)]
  0x000001a1ebb02810 JavaThread "AWT-Shutdown" [_thread_blocked, id=33632, stack(0x00000047d7100000,0x00000047d7200000)]
  0x000001a1ebb14010 JavaThread "AWT-Windows" daemon [_thread_in_native, id=23020, stack(0x00000047d7200000,0x00000047d7300000)]
  0x000001a1ebb3b710 JavaThread "EventQueueMonitor-ComponentEvtDispatch" daemon [_thread_blocked, id=28780, stack(0x00000047d7300000,0x00000047d7400000)]
  0x000001a1ebb44910 JavaThread "Thread-1" daemon [_thread_in_native, id=15344, stack(0x00000047d7400000,0x00000047d7500000)]
  0x000001a1ecddb460 JavaThread "AWT-EventQueue-0" [_thread_blocked, id=26888, stack(0x00000047d7600000,0x00000047d7700000)]
  0x000001a1ecdd9c50 JavaThread "DestroyJavaVM" [_thread_blocked, id=7800, stack(0x00000047d5d00000,0x00000047d5e00000)]
  0x000001a1ecdd9780 JavaThread "TimerQueue" daemon [_thread_blocked, id=13224, stack(0x00000047d7800000,0x00000047d7900000)]

Other Threads:
  0x000001a1eadc1cd0 VMThread "VM Thread" [stack: 0x00000047d6300000,0x00000047d6400000] [id=24176]
  0x000001a1ccaef4e0 WatcherThread [stack: 0x00000047d6f00000,0x00000047d7000000] [id=13512]
  0x000001a1ccad62e0 GCTaskThread "GC Thread#0" [stack: 0x00000047d5e00000,0x00000047d5f00000] [id=7860]
  0x000001a1ebb261c0 GCTaskThread "GC Thread#1" [stack: 0x00000047d5a00000,0x00000047d5b00000] [id=15732]
  0x000001a1ecf4a3b0 GCTaskThread "GC Thread#2" [stack: 0x00000047d5b00000,0x00000047d5c00000] [id=20112]
  0x000001a1ed8606d0 GCTaskThread "GC Thread#3" [stack: 0x00000047d5c00000,0x00000047d5d00000] [id=9384]
  0x000001a1ca89bdd0 GCTaskThread "GC Thread#4" [stack: 0x00000047d7900000,0x00000047d7a00000] [id=33436]
  0x000001a1ed1e7080 GCTaskThread "GC Thread#5" [stack: 0x00000047d7a00000,0x00000047d7b00000] [id=26336]
  0x000001a1eccd5730 GCTaskThread "GC Thread#6" [stack: 0x00000047d7b00000,0x00000047d7c00000] [id=33948]
  0x000001a1eccd59e0 GCTaskThread "GC Thread#7" [stack: 0x00000047d7c00000,0x00000047d7d00000] [id=33456]
  0x000001a1eccd62a0 GCTaskThread "GC Thread#8" [stack: 0x00000047d7d00000,0x00000047d7e00000] [id=21648]
  0x000001a1eccd6f70 GCTaskThread "GC Thread#9" [stack: 0x00000047d7e00000,0x00000047d7f00000] [id=34008]
  0x000001a1ccae70f0 ConcurrentGCThread "G1 Main Marker" [stack: 0x00000047d5f00000,0x00000047d6000000] [id=13096]
  0x000001a1ccae7b00 ConcurrentGCThread "G1 Conc#0" [stack: 0x00000047d6000000,0x00000047d6100000] [id=22540]
  0x000001a1eac720b0 ConcurrentGCThread "G1 Refine#0" [stack: 0x00000047d6100000,0x00000047d6200000] [id=19224]
  0x000001a1eac72ad0 ConcurrentGCThread "G1 Service" [stack: 0x00000047d6200000,0x00000047d6300000] [id=26688]

Threads with active compile tasks:
C2 CompilerThread0  148530065 1943   !   4       sun.awt.PostEventQueue::flush (168 bytes)

VM state: not at safepoint (normal execution)

VM Mutex/Monitor currently owned by a thread: None

Heap address: 0x0000000084a00000, size: 1974 MB, Compressed Oops mode: 32-bit

CDS archive(s) mapped at: [0x0000000800000000-0x0000000800bd0000-0x0000000800bd0000), size 12386304, SharedBaseAddress: 0x0000000800000000, ArchiveRelocationMode: 0.
Compressed class space mapped at: 0x0000000800c00000-0x0000000840c00000, reserved size: 1073741824
Narrow klass base: 0x0000000800000000, Narrow klass shift: 0, Narrow klass range: 0x100000000

GC Precious Log:
 CPUs: 12 total, 12 available
 Memory: 7893M
 Large Page Support: Disabled
 NUMA Support: Disabled
 Compressed Oops: Enabled (32-bit)
 Heap Region Size: 1M
 Heap Min Capacity: 8M
 Heap Initial Capacity: 124M
 Heap Max Capacity: 1974M
 Pre-touch: Disabled
 Parallel Workers: 10
 Concurrent Workers: 3
 Concurrent Refinement Workers: 10
 Periodic GC: Disabled

Heap:
 garbage-first heap   total 126976K, used 22640K [0x0000000084a00000, 0x0000000100000000)
  region size 1024K, 17 young (17408K), 1 survivors (1024K)
 Metaspace       used 11653K, committed 11968K, reserved 1064960K
  class space    used 1302K, committed 1472K, reserved 1048576K

Heap Regions: E=young(eden), S=young(survivor), O=old, HS=humongous(starts), HC=humongous(continues), CS=collection set, F=free, OA=open archive, CA=closed archive, TAMS=top-at-mark-start (previous, next)
|   0|0x0000000084a00000, 0x0000000084b00000, 0x0000000084b00000|100%|HS|  |TAMS 0x0000000084a00000, 0x0000000084a00000| Complete 
|   1|0x0000000084b00000, 0x0000000084c00000, 0x0000000084c00000|100%|HS|  |TAMS 0x0000000084b00000, 0x0000000084b00000| Complete 
|   2|0x0000000084c00000, 0x0000000084d00000, 0x0000000084d00000|100%|HC|  |TAMS 0x0000000084c00000, 0x0000000084c00000| Complete 
|   3|0x0000000084d00000, 0x0000000084e00000, 0x0000000084e00000|100%| O|  |TAMS 0x0000000084d00000, 0x0000000084d00000| Untracked 
|   4|0x0000000084e00000, 0x0000000084f00000, 0x0000000084f00000|100%| O|  |TAMS 0x0000000084e00000, 0x0000000084e00000| Untracked 
|   5|0x0000000084f00000, 0x0000000085000000, 0x0000000085000000|100%| O|  |TAMS 0x0000000084f00000, 0x0000000084f00000| Untracked 
|   6|0x0000000085000000, 0x0000000085100000, 0x0000000085100000|100%| O|  |TAMS 0x0000000085000000, 0x0000000085000000| Untracked 
|   7|0x0000000085100000, 0x0000000085116000, 0x0000000085200000|  8%| O|  |TAMS 0x0000000085100000, 0x0000000085100000| Untracked 
|   8|0x0000000085200000, 0x0000000085200000, 0x0000000085300000|  0%| F|  |TAMS 0x0000000085200000, 0x0000000085200000| Untracked 
|   9|0x0000000085300000, 0x0000000085300000, 0x0000000085400000|  0%| F|  |TAMS 0x0000000085300000, 0x0000000085300000| Untracked 
|  10|0x0000000085400000, 0x0000000085400000, 0x0000000085500000|  0%| F|  |TAMS 0x0000000085400000, 0x0000000085400000| Untracked 
|  11|0x0000000085500000, 0x0000000085500000, 0x0000000085600000|  0%| F|  |TAMS 0x0000000085500000, 0x0000000085500000| Untracked 
|  12|0x0000000085600000, 0x0000000085600000, 0x0000000085700000|  0%| F|  |TAMS 0x0000000085600000, 0x0000000085600000| Untracked 
|  13|0x0000000085700000, 0x0000000085700000, 0x0000000085800000|  0%| F|  |TAMS 0x0000000085700000, 0x0000000085700000| Untracked 
|  14|0x0000000085800000, 0x0000000085800000, 0x0000000085900000|  0%| F|  |TAMS 0x0000000085800000, 0x0000000085800000| Untracked 
|  15|0x0000000085900000, 0x0000000085900000, 0x0000000085a00000|  0%| F|  |TAMS 0x0000000085900000, 0x0000000085900000| Untracked 
|  16|0x0000000085a00000, 0x0000000085a00000, 0x0000000085b00000|  0%| F|  |TAMS 0x0000000085a00000, 0x0000000085a00000| Untracked 
|  17|0x0000000085b00000, 0x0000000085b00000, 0x0000000085c00000|  0%| F|  |TAMS 0x0000000085b00000, 0x0000000085b00000| Untracked 
|  18|0x0000000085c00000, 0x0000000085c00000, 0x0000000085d00000|  0%| F|  |TAMS 0x0000000085c00000, 0x0000000085c00000| Untracked 
|  19|0x0000000085d00000, 0x0000000085d00000, 0x0000000085e00000|  0%| F|  |TAMS 0x0000000085d00000, 0x0000000085d00000| Untracked 
|  20|0x0000000085e00000, 0x0000000085e00000, 0x0000000085f00000|  0%| F|  |TAMS 0x0000000085e00000, 0x0000000085e00000| Untracked 
|  21|0x0000000085f00000, 0x0000000085f00000, 0x0000000086000000|  0%| F|  |TAMS 0x0000000085f00000, 0x0000000085f00000| Untracked 
|  22|0x0000000086000000, 0x0000000086000000, 0x0000000086100000|  0%| F|  |TAMS 0x0000000086000000, 0x0000000086000000| Untracked 
|  23|0x0000000086100000, 0x0000000086100000, 0x0000000086200000|  0%| F|  |TAMS 0x0000000086100000, 0x0000000086100000| Untracked 
|  24|0x0000000086200000, 0x0000000086200000, 0x0000000086300000|  0%| F|  |TAMS 0x0000000086200000, 0x0000000086200000| Untracked 
|  25|0x0000000086300000, 0x0000000086300000, 0x0000000086400000|  0%| F|  |TAMS 0x0000000086300000, 0x0000000086300000| Untracked 
|  26|0x0000000086400000, 0x0000000086400000, 0x0000000086500000|  0%| F|  |TAMS 0x0000000086400000, 0x0000000086400000| Untracked 
|  27|0x0000000086500000, 0x0000000086500000, 0x0000000086600000|  0%| F|  |TAMS 0x0000000086500000, 0x0000000086500000| Untracked 
|  28|0x0000000086600000, 0x0000000086600000, 0x0000000086700000|  0%| F|  |TAMS 0x0000000086600000, 0x0000000086600000| Untracked 
|  29|0x0000000086700000, 0x0000000086700000, 0x0000000086800000|  0%| F|  |TAMS 0x0000000086700000, 0x0000000086700000| Untracked 
|  30|0x0000000086800000, 0x0000000086800000, 0x0000000086900000|  0%| F|  |TAMS 0x0000000086800000, 0x0000000086800000| Untracked 
|  31|0x0000000086900000, 0x0000000086900000, 0x0000000086a00000|  0%| F|  |TAMS 0x0000000086900000, 0x0000000086900000| Untracked 
|  32|0x0000000086a00000, 0x0000000086a00000, 0x0000000086b00000|  0%| F|  |TAMS 0x0000000086a00000, 0x0000000086a00000| Untracked 
|  33|0x0000000086b00000, 0x0000000086b00000, 0x0000000086c00000|  0%| F|  |TAMS 0x0000000086b00000, 0x0000000086b00000| Untracked 
|  34|0x0000000086c00000, 0x0000000086c00000, 0x0000000086d00000|  0%| F|  |TAMS 0x0000000086c00000, 0x0000000086c00000| Untracked 
|  35|0x0000000086d00000, 0x0000000086d00000, 0x0000000086e00000|  0%| F|  |TAMS 0x0000000086d00000, 0x0000000086d00000| Untracked 
|  36|0x0000000086e00000, 0x0000000086e00000, 0x0000000086f00000|  0%| F|  |TAMS 0x0000000086e00000, 0x0000000086e00000| Untracked 
|  37|0x0000000086f00000, 0x0000000086f00000, 0x0000000087000000|  0%| F|  |TAMS 0x0000000086f00000, 0x0000000086f00000| Untracked 
|  38|0x0000000087000000, 0x0000000087000000, 0x0000000087100000|  0%| F|  |TAMS 0x0000000087000000, 0x0000000087000000| Untracked 
|  39|0x0000000087100000, 0x0000000087100000, 0x0000000087200000|  0%| F|  |TAMS 0x0000000087100000, 0x0000000087100000| Untracked 
|  40|0x0000000087200000, 0x0000000087200000, 0x0000000087300000|  0%| F|  |TAMS 0x0000000087200000, 0x0000000087200000| Untracked 
|  41|0x0000000087300000, 0x0000000087300000, 0x0000000087400000|  0%| F|  |TAMS 0x0000000087300000, 0x0000000087300000| Untracked 
|  42|0x0000000087400000, 0x0000000087400000, 0x0000000087500000|  0%| F|  |TAMS 0x0000000087400000, 0x0000000087400000| Untracked 
|  43|0x0000000087500000, 0x0000000087500000, 0x0000000087600000|  0%| F|  |TAMS 0x0000000087500000, 0x0000000087500000| Untracked 
|  44|0x0000000087600000, 0x0000000087600000, 0x0000000087700000|  0%| F|  |TAMS 0x0000000087600000, 0x0000000087600000| Untracked 
|  45|0x0000000087700000, 0x0000000087700000, 0x0000000087800000|  0%| F|  |TAMS 0x0000000087700000, 0x0000000087700000| Untracked 
|  46|0x0000000087800000, 0x0000000087800000, 0x0000000087900000|  0%| F|  |TAMS 0x0000000087800000, 0x0000000087800000| Untracked 
|  47|0x0000000087900000, 0x0000000087900000, 0x0000000087a00000|  0%| F|  |TAMS 0x0000000087900000, 0x0000000087900000| Untracked 
|  48|0x0000000087a00000, 0x0000000087a00000, 0x0000000087b00000|  0%| F|  |TAMS 0x0000000087a00000, 0x0000000087a00000| Untracked 
|  49|0x0000000087b00000, 0x0000000087b00000, 0x0000000087c00000|  0%| F|  |TAMS 0x0000000087b00000, 0x0000000087b00000| Untracked 
|  50|0x0000000087c00000, 0x0000000087c060c0, 0x0000000087d00000|  2%| S|CS|TAMS 0x0000000087c00000, 0x0000000087c00000| Complete 
|  51|0x0000000087d00000, 0x0000000087d00000, 0x0000000087e00000|  0%| F|  |TAMS 0x0000000087d00000, 0x0000000087d00000| Untracked 
|  52|0x0000000087e00000, 0x0000000087e00000, 0x0000000087f00000|  0%| F|  |TAMS 0x0000000087e00000, 0x0000000087e00000| Untracked 
|  53|0x0000000087f00000, 0x0000000087f00000, 0x0000000088000000|  0%| F|  |TAMS 0x0000000087f00000, 0x0000000087f00000| Untracked 
|  54|0x0000000088000000, 0x0000000088000000, 0x0000000088100000|  0%| F|  |TAMS 0x0000000088000000, 0x0000000088000000| Untracked 
|  55|0x0000000088100000, 0x0000000088100000, 0x0000000088200000|  0%| F|  |TAMS 0x0000000088100000, 0x0000000088100000| Untracked 
|  56|0x0000000088200000, 0x0000000088200000, 0x0000000088300000|  0%| F|  |TAMS 0x0000000088200000, 0x0000000088200000| Untracked 
|  57|0x0000000088300000, 0x0000000088300000, 0x0000000088400000|  0%| F|  |TAMS 0x0000000088300000, 0x0000000088300000| Untracked 
|  58|0x0000000088400000, 0x0000000088400000, 0x0000000088500000|  0%| F|  |TAMS 0x0000000088400000, 0x0000000088400000| Untracked 
|  59|0x0000000088500000, 0x0000000088500000, 0x0000000088600000|  0%| F|  |TAMS 0x0000000088500000, 0x0000000088500000| Untracked 
|  60|0x0000000088600000, 0x0000000088600000, 0x0000000088700000|  0%| F|  |TAMS 0x0000000088600000, 0x0000000088600000| Untracked 
|  61|0x0000000088700000, 0x0000000088700000, 0x0000000088800000|  0%| F|  |TAMS 0x0000000088700000, 0x0000000088700000| Untracked 
|  62|0x0000000088800000, 0x0000000088800000, 0x0000000088900000|  0%| F|  |TAMS 0x0000000088800000, 0x0000000088800000| Untracked 
|  63|0x0000000088900000, 0x0000000088900000, 0x0000000088a00000|  0%| F|  |TAMS 0x0000000088900000, 0x0000000088900000| Untracked 
|  64|0x0000000088a00000, 0x0000000088a00000, 0x0000000088b00000|  0%| F|  |TAMS 0x0000000088a00000, 0x0000000088a00000| Untracked 
|  65|0x0000000088b00000, 0x0000000088b00000, 0x0000000088c00000|  0%| F|  |TAMS 0x0000000088b00000, 0x0000000088b00000| Untracked 
|  66|0x0000000088c00000, 0x0000000088c00000, 0x0000000088d00000|  0%| F|  |TAMS 0x0000000088c00000, 0x0000000088c00000| Untracked 
|  67|0x0000000088d00000, 0x0000000088d00000, 0x0000000088e00000|  0%| F|  |TAMS 0x0000000088d00000, 0x0000000088d00000| Untracked 
|  68|0x0000000088e00000, 0x0000000088e00000, 0x0000000088f00000|  0%| F|  |TAMS 0x0000000088e00000, 0x0000000088e00000| Untracked 
|  69|0x0000000088f00000, 0x0000000088f00000, 0x0000000089000000|  0%| F|  |TAMS 0x0000000088f00000, 0x0000000088f00000| Untracked 
|  70|0x0000000089000000, 0x0000000089000000, 0x0000000089100000|  0%| F|  |TAMS 0x0000000089000000, 0x0000000089000000| Untracked 
|  71|0x0000000089100000, 0x0000000089100000, 0x0000000089200000|  0%| F|  |TAMS 0x0000000089100000, 0x0000000089100000| Untracked 
|  72|0x0000000089200000, 0x0000000089200000, 0x0000000089300000|  0%| F|  |TAMS 0x0000000089200000, 0x0000000089200000| Untracked 
|  73|0x0000000089300000, 0x0000000089300000, 0x0000000089400000|  0%| F|  |TAMS 0x0000000089300000, 0x0000000089300000| Untracked 
|  74|0x0000000089400000, 0x0000000089400000, 0x0000000089500000|  0%| F|  |TAMS 0x0000000089400000, 0x0000000089400000| Untracked 
|  75|0x0000000089500000, 0x0000000089500000, 0x0000000089600000|  0%| F|  |TAMS 0x0000000089500000, 0x0000000089500000| Untracked 
|  76|0x0000000089600000, 0x0000000089600000, 0x0000000089700000|  0%| F|  |TAMS 0x0000000089600000, 0x0000000089600000| Untracked 
|  77|0x0000000089700000, 0x0000000089700000, 0x0000000089800000|  0%| F|  |TAMS 0x0000000089700000, 0x0000000089700000| Untracked 
|  78|0x0000000089800000, 0x0000000089800000, 0x0000000089900000|  0%| F|  |TAMS 0x0000000089800000, 0x0000000089800000| Untracked 
|  79|0x0000000089900000, 0x0000000089900000, 0x0000000089a00000|  0%| F|  |TAMS 0x0000000089900000, 0x0000000089900000| Untracked 
|  80|0x0000000089a00000, 0x0000000089a00000, 0x0000000089b00000|  0%| F|  |TAMS 0x0000000089a00000, 0x0000000089a00000| Untracked 
|  81|0x0000000089b00000, 0x0000000089b00000, 0x0000000089c00000|  0%| F|  |TAMS 0x0000000089b00000, 0x0000000089b00000| Untracked 
|  82|0x0000000089c00000, 0x0000000089c00000, 0x0000000089d00000|  0%| F|  |TAMS 0x0000000089c00000, 0x0000000089c00000| Untracked 
|  83|0x0000000089d00000, 0x0000000089d00000, 0x0000000089e00000|  0%| F|  |TAMS 0x0000000089d00000, 0x0000000089d00000| Untracked 
|  84|0x0000000089e00000, 0x0000000089e00000, 0x0000000089f00000|  0%| F|  |TAMS 0x0000000089e00000, 0x0000000089e00000| Untracked 
|  85|0x0000000089f00000, 0x0000000089f00000, 0x000000008a000000|  0%| F|  |TAMS 0x0000000089f00000, 0x0000000089f00000| Untracked 
|  86|0x000000008a000000, 0x000000008a000000, 0x000000008a100000|  0%| F|  |TAMS 0x000000008a000000, 0x000000008a000000| Untracked 
|  87|0x000000008a100000, 0x000000008a100000, 0x000000008a200000|  0%| F|  |TAMS 0x000000008a100000, 0x000000008a100000| Untracked 
|  88|0x000000008a200000, 0x000000008a200000, 0x000000008a300000|  0%| F|  |TAMS 0x000000008a200000, 0x000000008a200000| Untracked 
|  89|0x000000008a300000, 0x000000008a300000, 0x000000008a400000|  0%| F|  |TAMS 0x000000008a300000, 0x000000008a300000| Untracked 
|  90|0x000000008a400000, 0x000000008a400000, 0x000000008a500000|  0%| F|  |TAMS 0x000000008a400000, 0x000000008a400000| Untracked 
|  91|0x000000008a500000, 0x000000008a500000, 0x000000008a600000|  0%| F|  |TAMS 0x000000008a500000, 0x000000008a500000| Untracked 
|  92|0x000000008a600000, 0x000000008a600000, 0x000000008a700000|  0%| F|  |TAMS 0x000000008a600000, 0x000000008a600000| Untracked 
|  93|0x000000008a700000, 0x000000008a700000, 0x000000008a800000|  0%| F|  |TAMS 0x000000008a700000, 0x000000008a700000| Untracked 
|  94|0x000000008a800000, 0x000000008a800000, 0x000000008a900000|  0%| F|  |TAMS 0x000000008a800000, 0x000000008a800000| Untracked 
|  95|0x000000008a900000, 0x000000008a900000, 0x000000008aa00000|  0%| F|  |TAMS 0x000000008a900000, 0x000000008a900000| Untracked 
|  96|0x000000008aa00000, 0x000000008aa00000, 0x000000008ab00000|  0%| F|  |TAMS 0x000000008aa00000, 0x000000008aa00000| Untracked 
|  97|0x000000008ab00000, 0x000000008ab00000, 0x000000008ac00000|  0%| F|  |TAMS 0x000000008ab00000, 0x000000008ab00000| Untracked 
|  98|0x000000008ac00000, 0x000000008ac00000, 0x000000008ad00000|  0%| F|  |TAMS 0x000000008ac00000, 0x000000008ac00000| Untracked 
|  99|0x000000008ad00000, 0x000000008ad00000, 0x000000008ae00000|  0%| F|  |TAMS 0x000000008ad00000, 0x000000008ad00000| Untracked 
| 100|0x000000008ae00000, 0x000000008ae00000, 0x000000008af00000|  0%| F|  |TAMS 0x000000008ae00000, 0x000000008ae00000| Untracked 
| 101|0x000000008af00000, 0x000000008af00000, 0x000000008b000000|  0%| F|  |TAMS 0x000000008af00000, 0x000000008af00000| Untracked 
| 102|0x000000008b000000, 0x000000008b000000, 0x000000008b100000|  0%| F|  |TAMS 0x000000008b000000, 0x000000008b000000| Untracked 
| 103|0x000000008b100000, 0x000000008b100000, 0x000000008b200000|  0%| F|  |TAMS 0x000000008b100000, 0x000000008b100000| Untracked 
| 104|0x000000008b200000, 0x000000008b200000, 0x000000008b300000|  0%| F|  |TAMS 0x000000008b200000, 0x000000008b200000| Untracked 
| 105|0x000000008b300000, 0x000000008b300000, 0x000000008b400000|  0%| F|  |TAMS 0x000000008b300000, 0x000000008b300000| Untracked 
| 106|0x000000008b400000, 0x000000008b400000, 0x000000008b500000|  0%| F|  |TAMS 0x000000008b400000, 0x000000008b400000| Untracked 
| 107|0x000000008b500000, 0x000000008b500000, 0x000000008b600000|  0%| F|  |TAMS 0x000000008b500000, 0x000000008b500000| Untracked 
| 108|0x000000008b600000, 0x000000008b700000, 0x000000008b700000|100%| E|  |TAMS 0x000000008b600000, 0x000000008b600000| Complete 
| 109|0x000000008b700000, 0x000000008b800000, 0x000000008b800000|100%| E|CS|TAMS 0x000000008b700000, 0x000000008b700000| Complete 
| 110|0x000000008b800000, 0x000000008b900000, 0x000000008b900000|100%| E|CS|TAMS 0x000000008b800000, 0x000000008b800000| Complete 
| 111|0x000000008b900000, 0x000000008ba00000, 0x000000008ba00000|100%| E|CS|TAMS 0x000000008b900000, 0x000000008b900000| Complete 
| 112|0x000000008ba00000, 0x000000008bb00000, 0x000000008bb00000|100%| E|CS|TAMS 0x000000008ba00000, 0x000000008ba00000| Complete 
| 113|0x000000008bb00000, 0x000000008bc00000, 0x000000008bc00000|100%| E|CS|TAMS 0x000000008bb00000, 0x000000008bb00000| Complete 
| 114|0x000000008bc00000, 0x000000008bd00000, 0x000000008bd00000|100%| E|CS|TAMS 0x000000008bc00000, 0x000000008bc00000| Complete 
| 115|0x000000008bd00000, 0x000000008be00000, 0x000000008be00000|100%| E|CS|TAMS 0x000000008bd00000, 0x000000008bd00000| Complete 
| 116|0x000000008be00000, 0x000000008bf00000, 0x000000008bf00000|100%| E|CS|TAMS 0x000000008be00000, 0x000000008be00000| Complete 
| 117|0x000000008bf00000, 0x000000008c000000, 0x000000008c000000|100%| E|CS|TAMS 0x000000008bf00000, 0x000000008bf00000| Complete 
| 118|0x000000008c000000, 0x000000008c100000, 0x000000008c100000|100%| E|CS|TAMS 0x000000008c000000, 0x000000008c000000| Complete 
| 119|0x000000008c100000, 0x000000008c200000, 0x000000008c200000|100%| E|CS|TAMS 0x000000008c100000, 0x000000008c100000| Complete 
| 120|0x000000008c200000, 0x000000008c300000, 0x000000008c300000|100%| E|CS|TAMS 0x000000008c200000, 0x000000008c200000| Complete 
| 121|0x000000008c300000, 0x000000008c400000, 0x000000008c400000|100%| E|CS|TAMS 0x000000008c300000, 0x000000008c300000| Complete 
| 122|0x000000008c400000, 0x000000008c500000, 0x000000008c500000|100%| E|CS|TAMS 0x000000008c400000, 0x000000008c400000| Complete 
| 123|0x000000008c500000, 0x000000008c600000, 0x000000008c600000|100%| E|CS|TAMS 0x000000008c500000, 0x000000008c500000| Complete 

Card table byte_map: [0x000001a1e3c30000,0x000001a1e4010000] _byte_map_base: 0x000001a1e380b000

Marking Bits (Prev, Next): (CMBitMap*) 0x000001a1ccad68f0, (CMBitMap*) 0x000001a1ccad6930
 Prev Bits: [0x000001a1e43f0000, 0x000001a1e62c8000)
 Next Bits: [0x000001a1e62d0000, 0x000001a1e81a8000)

Polling page: 0x000001a1ca9e0000

Metaspace:

Usage:
  Non-class:     10.11 MB used.
      Class:      1.27 MB used.
       Both:     11.38 MB used.

Virtual space:
  Non-class space:       16.00 MB reserved,      10.25 MB ( 64%) committed,  2 nodes.
      Class space:        1.00 GB reserved,       1.44 MB ( <1%) committed,  1 nodes.
             Both:        1.02 GB reserved,      11.69 MB (  1%) committed. 

Chunk freelists:
   Non-Class:  992.00 KB
       Class:  2.56 MB
        Both:  3.53 MB

MaxMetaspaceSize: unlimited
CompressedClassSpaceSize: 1.00 GB
Initial GC threshold: 21.00 MB
Current GC threshold: 21.00 MB
CDS: on
MetaspaceReclaimPolicy: balanced
 - commit_granule_bytes: 65536.
 - commit_granule_words: 8192.
 - virtual_space_node_default_size: 1048576.
 - enlarge_chunks_in_place: 1.
 - new_chunks_are_fully_committed: 0.
 - uncommit_free_chunks: 1.
 - use_allocation_guard: 0.
 - handle_deallocations: 1.


Internal statistics:

num_allocs_failed_limit: 0.
num_arena_births: 150.
num_arena_deaths: 0.
num_vsnodes_births: 3.
num_vsnodes_deaths: 0.
num_space_committed: 187.
num_space_uncommitted: 0.
num_chunks_returned_to_freelist: 0.
num_chunks_taken_from_freelist: 255.
num_chunk_merges: 0.
num_chunk_splits: 147.
num_chunks_enlarged: 82.
num_purges: 0.
num_inconsistent_stats: 0.

CodeHeap 'non-profiled nmethods': size=120000Kb used=1243Kb max_used=1243Kb free=118757Kb
 bounds [0x000001a1dbdd0000, 0x000001a1dc040000, 0x000001a1e3300000]
CodeHeap 'profiled nmethods': size=120000Kb used=3379Kb max_used=3379Kb free=116620Kb
 bounds [0x000001a1d4300000, 0x000001a1d4650000, 0x000001a1db830000]
CodeHeap 'non-nmethods': size=5760Kb used=1350Kb max_used=1386Kb free=4409Kb
 bounds [0x000001a1db830000, 0x000001a1dbaa0000, 0x000001a1dbdd0000]
 total_blobs=2629 nmethods=1944 adapters=598
 compilation: enabled
              stopped_count=0, restarted_count=0
 full_count=0

Compilation events (20 events):
Event: 53854.929 Thread 0x000001a1eadeeff0 nmethod 1933 0x000001a1d4649810 code [0x000001a1d4649a20, 0x000001a1d464a268]
Event: 54131.600 Thread 0x000001a1eadee550 1934   !   4       sun.awt.AWTAutoShutdown::setToolkitBusy (124 bytes)
Event: 54131.614 Thread 0x000001a1eadee550 nmethod 1934 0x000001a1dbf04210 code [0x000001a1dbf043a0, 0x000001a1dbf048f8]
Event: 66242.014 Thread 0x000001a1eadee550 1935       4       sun.awt.AWTAutoShutdown::notifyToolkitThreadBusy (8 bytes)
Event: 66242.024 Thread 0x000001a1eadee550 nmethod 1935 0x000001a1dbf04c90 code [0x000001a1dbf04e20, 0x000001a1dbf05238]
Event: 76374.147 Thread 0x000001a1eadeeff0 1936       3       java.awt.Color::<init> (72 bytes)
Event: 76374.259 Thread 0x000001a1eadeeff0 nmethod 1936 0x000001a1d464a510 code [0x000001a1d464a6c0, 0x000001a1d464a928]
Event: 76374.263 Thread 0x000001a1eadeeff0 1937       3       java.awt.Color::testColorValueRange (121 bytes)
Event: 76374.291 Thread 0x000001a1eadeeff0 nmethod 1937 0x000001a1d464aa10 code [0x000001a1d464ac20, 0x000001a1d464b238]
Event: 79359.306 Thread 0x000001a1eadee550 1938       4       sun.awt.AWTAutoShutdown::notifyToolkitThreadFree (8 bytes)
Event: 79359.324 Thread 0x000001a1eadee550 nmethod 1938 0x000001a1dbf05490 code [0x000001a1dbf05620, 0x000001a1dbf05a18]
Event: 133989.935 Thread 0x000001a1eadee550 1939       4       java.lang.StringLatin1::compareTo (52 bytes)
Event: 133990.060 Thread 0x000001a1eadee550 nmethod 1939 0x000001a1dbf05c90 code [0x000001a1dbf05e00, 0x000001a1dbf05fd8]
Event: 148528.251 Thread 0x000001a1eadeeff0 1941  s    3       sun.java2d.loops.GraphicsPrimitiveMgr::locatePrim (95 bytes)
Event: 148528.256 Thread 0x000001a1eadee550 1940  s    4       sun.java2d.loops.GraphicsPrimitive::makeUniqueID (26 bytes)
Event: 148528.409 Thread 0x000001a1eadee550 nmethod 1940 0x000001a1dbf06090 code [0x000001a1dbf06220, 0x000001a1dbf06438]
Event: 148528.409 Thread 0x000001a1eadee550 1942       4       sun.java2d.loops.GraphicsPrimitiveMgr::locate (104 bytes)
Event: 148528.416 Thread 0x000001a1eadeeff0 nmethod 1941 0x000001a1d464b490 code [0x000001a1d464b6a0, 0x000001a1d464bf08]
Event: 148528.532 Thread 0x000001a1eadee550 nmethod 1942 0x000001a1dbf06590 code [0x000001a1dbf06720, 0x000001a1dbf06958]
Event: 148528.889 Thread 0x000001a1eadee550 1943   !   4       sun.awt.PostEventQueue::flush (168 bytes)

GC Heap History (20 events):
Event: 142183.779 GC heap before
{Heap before GC invocations=90 (full 0):
 garbage-first heap   total 126976K, used 82026K [0x0000000084a00000, 0x0000000100000000)
  region size 1024K, 74 young (75776K), 1 survivors (1024K)
 Metaspace       used 11652K, committed 11968K, reserved 1064960K
  class space    used 1302K, committed 1472K, reserved 1048576K
}
Event: 142183.782 GC heap after
{Heap after GC invocations=91 (full 0):
 garbage-first heap   total 126976K, used 7274K [0x0000000084a00000, 0x0000000100000000)
  region size 1024K, 1 young (1024K), 1 survivors (1024K)
 Metaspace       used 11652K, committed 11968K, reserved 1064960K
  class space    used 1302K, committed 1472K, reserved 1048576K
}
Event: 142876.460 GC heap before
{Heap before GC invocations=91 (full 0):
 garbage-first heap   total 126976K, used 82026K [0x0000000084a00000, 0x0000000100000000)
  region size 1024K, 74 young (75776K), 1 survivors (1024K)
 Metaspace       used 11652K, committed 11968K, reserved 1064960K
  class space    used 1302K, committed 1472K, reserved 1048576K
}
Event: 142876.463 GC heap after
{Heap after GC invocations=92 (full 0):
 garbage-first heap   total 126976K, used 7272K [0x0000000084a00000, 0x0000000100000000)
  region size 1024K, 1 young (1024K), 1 survivors (1024K)
 Metaspace       used 11652K, committed 11968K, reserved 1064960K
  class space    used 1302K, committed 1472K, reserved 1048576K
}
Event: 143521.401 GC heap before
{Heap before GC invocations=92 (full 0):
 garbage-first heap   total 126976K, used 82024K [0x0000000084a00000, 0x0000000100000000)
  region size 1024K, 74 young (75776K), 1 survivors (1024K)
 Metaspace       used 11652K, committed 11968K, reserved 1064960K
  class space    used 1302K, committed 1472K, reserved 1048576K
}
Event: 143521.403 GC heap after
{Heap after GC invocations=93 (full 0):
 garbage-first heap   total 126976K, used 7279K [0x0000000084a00000, 0x0000000100000000)
  region size 1024K, 1 young (1024K), 1 survivors (1024K)
 Metaspace       used 11652K, committed 11968K, reserved 1064960K
  class space    used 1302K, committed 1472K, reserved 1048576K
}
Event: 144152.108 GC heap before
{Heap before GC invocations=93 (full 0):
 garbage-first heap   total 126976K, used 82031K [0x0000000084a00000, 0x0000000100000000)
  region size 1024K, 74 young (75776K), 1 survivors (1024K)
 Metaspace       used 11652K, committed 11968K, reserved 1064960K
  class space    used 1302K, committed 1472K, reserved 1048576K
}
Event: 144152.109 GC heap after
{Heap after GC invocations=94 (full 0):
 garbage-first heap   total 126976K, used 7274K [0x0000000084a00000, 0x0000000100000000)
  region size 1024K, 1 young (1024K), 1 survivors (1024K)
 Metaspace       used 11652K, committed 11968K, reserved 1064960K
  class space    used 1302K, committed 1472K, reserved 1048576K
}
Event: 144760.321 GC heap before
{Heap before GC invocations=94 (full 0):
 garbage-first heap   total 126976K, used 82026K [0x0000000084a00000, 0x0000000100000000)
  region size 1024K, 74 young (75776K), 1 survivors (1024K)
 Metaspace       used 11652K, committed 11968K, reserved 1064960K
  class space    used 1302K, committed 1472K, reserved 1048576K
}
Event: 144760.325 GC heap after
{Heap after GC invocations=95 (full 0):
 garbage-first heap   total 126976K, used 7278K [0x0000000084a00000, 0x0000000100000000)
  region size 1024K, 1 young (1024K), 1 survivors (1024K)
 Metaspace       used 11652K, committed 11968K, reserved 1064960K
  class space    used 1302K, committed 1472K, reserved 1048576K
}
Event: 145443.173 GC heap before
{Heap before GC invocations=95 (full 0):
 garbage-first heap   total 126976K, used 82030K [0x0000000084a00000, 0x0000000100000000)
  region size 1024K, 74 young (75776K), 1 survivors (1024K)
 Metaspace       used 11652K, committed 11968K, reserved 1064960K
  class space    used 1302K, committed 1472K, reserved 1048576K
}
Event: 145443.176 GC heap after
{Heap after GC invocations=96 (full 0):
 garbage-first heap   total 126976K, used 7277K [0x0000000084a00000, 0x0000000100000000)
  region size 1024K, 1 young (1024K), 1 survivors (1024K)
 Metaspace       used 11652K, committed 11968K, reserved 1064960K
  class space    used 1302K, committed 1472K, reserved 1048576K
}
Event: 146233.390 GC heap before
{Heap before GC invocations=96 (full 0):
 garbage-first heap   total 126976K, used 82029K [0x0000000084a00000, 0x0000000100000000)
  region size 1024K, 74 young (75776K), 1 survivors (1024K)
 Metaspace       used 11652K, committed 11968K, reserved 1064960K
  class space    used 1302K, committed 1472K, reserved 1048576K
}
Event: 146233.394 GC heap after
{Heap after GC invocations=97 (full 0):
 garbage-first heap   total 126976K, used 7275K [0x0000000084a00000, 0x0000000100000000)
  region size 1024K, 1 young (1024K), 1 survivors (1024K)
 Metaspace       used 11652K, committed 11968K, reserved 1064960K
  class space    used 1302K, committed 1472K, reserved 1048576K
}
Event: 147018.858 GC heap before
{Heap before GC invocations=97 (full 0):
 garbage-first heap   total 126976K, used 82027K [0x0000000084a00000, 0x0000000100000000)
  region size 1024K, 74 young (75776K), 1 survivors (1024K)
 Metaspace       used 11652K, committed 11968K, reserved 1064960K
  class space    used 1302K, committed 1472K, reserved 1048576K
}
Event: 147018.860 GC heap after
{Heap after GC invocations=98 (full 0):
 garbage-first heap   total 126976K, used 7278K [0x0000000084a00000, 0x0000000100000000)
  region size 1024K, 1 young (1024K), 1 survivors (1024K)
 Metaspace       used 11652K, committed 11968K, reserved 1064960K
  class space    used 1302K, committed 1472K, reserved 1048576K
}
Event: 147762.655 GC heap before
{Heap before GC invocations=98 (full 0):
 garbage-first heap   total 126976K, used 82030K [0x0000000084a00000, 0x0000000100000000)
  region size 1024K, 74 young (75776K), 1 survivors (1024K)
 Metaspace       used 11652K, committed 11968K, reserved 1064960K
  class space    used 1302K, committed 1472K, reserved 1048576K
}
Event: 147762.658 GC heap after
{Heap after GC invocations=99 (full 0):
 garbage-first heap   total 126976K, used 7278K [0x0000000084a00000, 0x0000000100000000)
  region size 1024K, 1 young (1024K), 1 survivors (1024K)
 Metaspace       used 11652K, committed 11968K, reserved 1064960K
  class space    used 1302K, committed 1472K, reserved 1048576K
}
Event: 148391.915 GC heap before
{Heap before GC invocations=99 (full 0):
 garbage-first heap   total 126976K, used 82030K [0x0000000084a00000, 0x0000000100000000)
  region size 1024K, 74 young (75776K), 1 survivors (1024K)
 Metaspace       used 11652K, committed 11968K, reserved 1064960K
  class space    used 1302K, committed 1472K, reserved 1048576K
}
Event: 148391.918 GC heap after
{Heap after GC invocations=100 (full 0):
 garbage-first heap   total 126976K, used 7280K [0x0000000084a00000, 0x0000000100000000)
  region size 1024K, 1 young (1024K), 1 survivors (1024K)
 Metaspace       used 11652K, committed 11968K, reserved 1064960K
  class space    used 1302K, committed 1472K, reserved 1048576K
}

Deoptimization events (20 events):
Event: 148528.271 Thread 0x000001a1ecddb460 Uncommon trap: trap_request=0xffffff45 fr.pc=0x000001a1dbee41a8 relative=0x0000000000000348
Event: 148528.271 Thread 0x000001a1ecddb460 Uncommon trap: reason=unstable_if action=reinterpret pc=0x000001a1dbee41a8 method=java.awt.EventQueue.getPriority(Ljava/awt/AWTEvent;)I @ 4 c2
Event: 148528.271 Thread 0x000001a1ecddb460 DEOPT PACKING pc=0x000001a1dbee41a8 sp=0x00000047d76fe8b0
Event: 148528.274 Thread 0x000001a1ecddb460 DEOPT UNPACKING pc=0x000001a1db885ba3 sp=0x00000047d76fe7f0 mode 2
Event: 148528.285 Thread 0x000001a1ecddb460 Uncommon trap: trap_request=0xffffff66 fr.pc=0x000001a1dbef4af0 relative=0x0000000000001230
Event: 148528.285 Thread 0x000001a1ecddb460 Uncommon trap: reason=speculate_class_check action=maybe_recompile pc=0x000001a1dbef4af0 method=java.awt.EventQueue.coalesceEvent(Ljava/awt/AWTEvent;I)Z @ 13 c2
Event: 148528.285 Thread 0x000001a1ecddb460 DEOPT PACKING pc=0x000001a1dbef4af0 sp=0x00000047d76fe7e0
Event: 148528.292 Thread 0x000001a1ecddb460 DEOPT UNPACKING pc=0x000001a1db885ba3 sp=0x00000047d76fe768 mode 2
Event: 148528.292 Thread 0x000001a1ecdd9780 Uncommon trap: trap_request=0xffffff45 fr.pc=0x000001a1dbe77a6c relative=0x000000000000016c
Event: 148528.296 Thread 0x000001a1ecdd9780 Uncommon trap: reason=unstable_if action=reinterpret pc=0x000001a1dbe77a6c method=java.util.concurrent.locks.ReentrantLock$NonfairSync.initialTryLock()Z @ 25 c2
Event: 148528.300 Thread 0x000001a1ecdd9780 DEOPT PACKING pc=0x000001a1dbe77a6c sp=0x00000047d78ff370
Event: 148528.393 Thread 0x000001a1ecdd9780 DEOPT UNPACKING pc=0x000001a1db885ba3 sp=0x00000047d78ff258 mode 2
Event: 148528.396 Thread 0x000001a1ecddb460 Uncommon trap: trap_request=0xffffff45 fr.pc=0x000001a1dbee0074 relative=0x0000000000000054
Event: 148528.396 Thread 0x000001a1ecddb460 Uncommon trap: reason=unstable_if action=reinterpret pc=0x000001a1dbee0074 method=java.awt.EventQueue.getPriority(Ljava/awt/AWTEvent;)I @ 4 c2
Event: 148528.396 Thread 0x000001a1ecddb460 DEOPT PACKING pc=0x000001a1dbee0074 sp=0x00000047d76fe850
Event: 148528.400 Thread 0x000001a1ecddb460 DEOPT UNPACKING pc=0x000001a1db885ba3 sp=0x00000047d76fe7d8 mode 2
Event: 148528.400 Thread 0x000001a1ecddb460 Uncommon trap: trap_request=0xffffff66 fr.pc=0x000001a1dbef4af0 relative=0x0000000000001230
Event: 148528.400 Thread 0x000001a1ecddb460 Uncommon trap: reason=speculate_class_check action=maybe_recompile pc=0x000001a1dbef4af0 method=java.awt.EventQueue.coalesceEvent(Ljava/awt/AWTEvent;I)Z @ 13 c2
Event: 148528.400 Thread 0x000001a1ecddb460 DEOPT PACKING pc=0x000001a1dbef4af0 sp=0x00000047d76fe7d0
Event: 148528.400 Thread 0x000001a1ecddb460 DEOPT UNPACKING pc=0x000001a1db885ba3 sp=0x00000047d76fe758 mode 2

Classes unloaded (0 events):
No events

Classes redefined (0 events):
No events

Internal exceptions (20 events):
Event: 0.223 Thread 0x000001a1cca7bb70 Exception <a 'java/lang/ClassNotFoundException'{0x000000008c04d260}: ToolBar> (0x000000008c04d260) 
thrown [s\open\src\hotspot\share\classfile\systemDictionary.cpp, line 256]
Event: 0.223 Thread 0x000001a1cca7bb70 Exception <a 'java/lang/ClassNotFoundException'{0x000000008c04d5d0}: ToggleButton> (0x000000008c04d5d0) 
thrown [s\open\src\hotspot\share\classfile\systemDictionary.cpp, line 256]
Event: 0.223 Thread 0x000001a1cca7bb70 Exception <a 'java/lang/ClassNotFoundException'{0x000000008c04da10}: javax/swing/JToolBarSeparator> (0x000000008c04da10) 
thrown [s\open\src\hotspot\share\classfile\systemDictionary.cpp, line 256]
Event: 0.223 Thread 0x000001a1cca7bb70 Exception <a 'java/lang/ClassNotFoundException'{0x000000008c04dd18}: ToolBarSeparator> (0x000000008c04dd18) 
thrown [s\open\src\hotspot\share\classfile\systemDictionary.cpp, line 256]
Event: 0.223 Thread 0x000001a1cca7bb70 Exception <a 'java/lang/ClassNotFoundException'{0x000000008c04e230}: ToolTip> (0x000000008c04e230) 
thrown [s\open\src\hotspot\share\classfile\systemDictionary.cpp, line 256]
Event: 0.223 Thread 0x000001a1cca7bb70 Exception <a 'java/lang/ClassNotFoundException'{0x000000008c04eb50}: Tree> (0x000000008c04eb50) 
thrown [s\open\src\hotspot\share\classfile\systemDictionary.cpp, line 256]
Event: 0.223 Thread 0x000001a1cca7bb70 Exception <a 'java/lang/ClassNotFoundException'{0x000000008c04f048}: Tree> (0x000000008c04f048) 
thrown [s\open\src\hotspot\share\classfile\systemDictionary.cpp, line 256]
Event: 0.223 Thread 0x000001a1cca7bb70 Exception <a 'java/lang/ClassNotFoundException'{0x000000008c04f3b8}: javax/swing/JTreeCell> (0x000000008c04f3b8) 
thrown [s\open\src\hotspot\share\classfile\systemDictionary.cpp, line 256]
Event: 0.223 Thread 0x000001a1cca7bb70 Exception <a 'java/lang/ClassNotFoundException'{0x000000008c04f6b8}: TreeCell> (0x000000008c04f6b8) 
thrown [s\open\src\hotspot\share\classfile\systemDictionary.cpp, line 256]
Event: 0.224 Thread 0x000001a1cca7bb70 Exception <a 'java/lang/ClassNotFoundException'{0x000000008c04fe78}: RootPane> (0x000000008c04fe78) 
thrown [s\open\src\hotspot\share\classfile\systemDictionary.cpp, line 256]
Event: 0.224 Thread 0x000001a1cca7bb70 Exception <a 'java/lang/ClassNotFoundException'{0x000000008c052d58}: com/sun/swing/internal/plaf/metal/resources/spi/metalProvider> (0x000000008c052d58) 
thrown [s\open\src\hotspot\share\classfile\systemDictionary.cpp, line 256]
Event: 0.225 Thread 0x000001a1cca7bb70 Exception <a 'java/lang/ClassNotFoundException'{0x000000008c056908}: com/sun/swing/internal/plaf/basic/resources/spi/basicProvider> (0x000000008c056908) 
thrown [s\open\src\hotspot\share\classfile\systemDictionary.cpp, line 256]
Event: 0.239 Thread 0x000001a1cca7bb70 Exception <a 'java/lang/NoSuchMethodError'{0x000000008c0fdaf8}: 'int java.lang.invoke.DirectMethodHandle$Holder.invokeStatic(java.lang.Object)'> (0x000000008c0fdaf8) 
thrown [s\open\src\hotspot\share\interpreter\linkResolver.cpp, line 759]
Event: 0.302 Thread 0x000001a1ecddb460 Exception <a 'sun/nio/fs/WindowsException'{0x000000008bdb4410}> (0x000000008bdb4410) 
thrown [s\open\src\hotspot\share\prims\jni.cpp, line 516]
Event: 0.327 Thread 0x000001a1ecddb460 Exception <a 'java/lang/NoSuchMethodError'{0x000000008bdf2088}: 'java.lang.Object java.lang.invoke.DirectMethodHandle$Holder.invokeVirtual(java.lang.Object, java.lang.Object, java.lang.Object, java.lang.Object)'> (0x000000008bdf2088) 
thrown [s\open\src\hotspot\share\interpreter\linkResolver.cpp, line 759]
Event: 0.354 Thread 0x000001a1ecdda120 Exception <a 'java/lang/NoSuchMethodError'{0x000000008bb76fa0}: 'java.lang.Object java.lang.invoke.DirectMethodHandle$Holder.newInvokeSpecial(java.lang.Object, java.lang.Object, java.lang.Object, int, int, int, int, int)'> (0x000000008bb76fa0) 
thrown [s\open\src\hotspot\share\interpreter\linkResolver.cpp, line 759]
Event: 0.366 Thread 0x000001a1ebb14010 Exception <a 'java/lang/NoSuchMethodError'{0x000000008ba7cdb0}: 'void java.lang.invoke.DirectMethodHandle$Holder.invokeVirtual(java.lang.Object, java.lang.Object)'> (0x000000008ba7cdb0) 
thrown [s\open\src\hotspot\share\interpreter\linkResolver.cpp, line 759]
Event: 0.374 Thread 0x000001a1ecddb460 Exception <a 'java/lang/NoSuchMethodError'{0x000000008b906bb8}: 'void java.lang.invoke.DirectMethodHandle$Holder.invokeStaticInit(java.lang.Object)'> (0x000000008b906bb8) 
thrown [s\open\src\hotspot\share\interpreter\linkResolver.cpp, line 759]
Event: 32504.057 Thread 0x000001a1ecdd9780 Implicit null exception at 0x000001a1dbee128a to 0x000001a1dbee1d00
Event: 49353.944 Thread 0x000001a1ecdd9780 Implicit null exception at 0x000001a1dbea6ee4 to 0x000001a1dbea7338

VM Operations (20 events):
Event: 142183.773 Executing VM operation: G1CollectForAllocation
Event: 142183.782 Executing VM operation: G1CollectForAllocation done
Event: 142876.458 Executing VM operation: G1CollectForAllocation
Event: 142876.463 Executing VM operation: G1CollectForAllocation done
Event: 143521.401 Executing VM operation: G1CollectForAllocation
Event: 143521.403 Executing VM operation: G1CollectForAllocation done
Event: 144152.107 Executing VM operation: G1CollectForAllocation
Event: 144152.109 Executing VM operation: G1CollectForAllocation done
Event: 144760.320 Executing VM operation: G1CollectForAllocation
Event: 144760.325 Executing VM operation: G1CollectForAllocation done
Event: 145443.172 Executing VM operation: G1CollectForAllocation
Event: 145443.176 Executing VM operation: G1CollectForAllocation done
Event: 146233.390 Executing VM operation: G1CollectForAllocation
Event: 146233.394 Executing VM operation: G1CollectForAllocation done
Event: 147018.857 Executing VM operation: G1CollectForAllocation
Event: 147018.860 Executing VM operation: G1CollectForAllocation done
Event: 147762.655 Executing VM operation: G1CollectForAllocation
Event: 147762.658 Executing VM operation: G1CollectForAllocation done
Event: 148391.915 Executing VM operation: G1CollectForAllocation
Event: 148391.918 Executing VM operation: G1CollectForAllocation done

Events (20 events):
Event: 2.023 loading class java/awt/KeyboardFocusManager$2 done
Event: 2.023 loading class sun/awt/SunToolkit$1
Event: 2.024 loading class sun/awt/SunToolkit$1 done
Event: 2.030 loading class java/awt/LightweightDispatcher$2
Event: 2.031 loading class java/awt/LightweightDispatcher$2 done
Event: 5.374 Thread 0x000001a1ecdda120 Thread exited: 0x000001a1ecdda120
Event: 26.198 loading class sun/util/locale/LocaleExtensions
Event: 26.199 loading class sun/util/locale/LocaleExtensions done
Event: 97.298 loading class java/security/DomainCombiner
Event: 97.298 loading class java/security/DomainCombiner done
Event: 2005.750 loading class java/awt/desktop/SystemSleepListener
Event: 2005.757 loading class java/awt/desktop/SystemEventListener
Event: 2005.759 loading class java/awt/desktop/SystemEventListener done
Event: 2005.760 loading class java/awt/desktop/SystemSleepListener done
Event: 32504.271 loading class java/util/WeakHashMap$KeyIterator
Event: 32504.321 loading class java/util/WeakHashMap$HashIterator
Event: 32504.350 loading class java/util/WeakHashMap$HashIterator done
Event: 32504.350 loading class java/util/WeakHashMap$KeyIterator done
Event: 32504.548 loading class javax/swing/RepaintManager$DisplayChangedRunnable
Event: 32504.594 loading class javax/swing/RepaintManager$DisplayChangedRunnable done


Dynamic libraries:
0x00007ff7f6340000 - 0x00007ff7f6350000 	C:\Program Files\Java\jdk-17\bin\java.exe
0x00007ff99ced0000 - 0x00007ff99d0e4000 	C:\WINDOWS\SYSTEM32\ntdll.dll
0x00007ff99b8d0000 - 0x00007ff99b994000 	C:\WINDOWS\System32\KERNEL32.DLL
0x00007ff99a350000 - 0x00007ff99a6f4000 	C:\WINDOWS\System32\KERNELBASE.dll
0x00007ff99aa20000 - 0x00007ff99ab31000 	C:\WINDOWS\System32\ucrtbase.dll
0x00007ff980820000 - 0x00007ff980839000 	C:\Program Files\Java\jdk-17\bin\jli.dll
0x00007ff982330000 - 0x00007ff98234b000 	C:\Program Files\Java\jdk-17\bin\VCRUNTIME140.dll
0x00007ff99c070000 - 0x00007ff99c120000 	C:\WINDOWS\System32\ADVAPI32.dll
0x00007ff99b150000 - 0x00007ff99b1f7000 	C:\WINDOWS\System32\msvcrt.dll
0x00007ff99b9a0000 - 0x00007ff99ba46000 	C:\WINDOWS\System32\sechost.dll
0x00007ff99b610000 - 0x00007ff99b727000 	C:\WINDOWS\System32\RPCRT4.dll
0x00007ff99ac60000 - 0x00007ff99ae0e000 	C:\WINDOWS\System32\USER32.dll
0x00007ff99a280000 - 0x00007ff99a2a6000 	C:\WINDOWS\System32\win32u.dll
0x00007ff97ef50000 - 0x00007ff97f1e3000 	C:\WINDOWS\WinSxS\amd64_microsoft.windows.common-controls_6595b64144ccf1df_6.0.22621.2215_none_270d72677387dfc3\COMCTL32.dll
0x00007ff99cab0000 - 0x00007ff99cad9000 	C:\WINDOWS\System32\GDI32.dll
0x00007ff99ab40000 - 0x00007ff99ac58000 	C:\WINDOWS\System32\gdi32full.dll
0x00007ff99a2b0000 - 0x00007ff99a34a000 	C:\WINDOWS\System32\msvcp_win.dll
0x00007ff98fb30000 - 0x00007ff98fb3a000 	C:\WINDOWS\SYSTEM32\VERSION.dll
0x00007ff99c950000 - 0x00007ff99c981000 	C:\WINDOWS\System32\IMM32.DLL
0x00007ff991060000 - 0x00007ff99106c000 	C:\Program Files\Java\jdk-17\bin\vcruntime140_1.dll
0x00007ff959630000 - 0x00007ff9596be000 	C:\Program Files\Java\jdk-17\bin\msvcp140.dll
0x00007ff90eb20000 - 0x00007ff90f6fd000 	C:\Program Files\Java\jdk-17\bin\server\jvm.dll
0x00007ff99ae10000 - 0x00007ff99ae18000 	C:\WINDOWS\System32\PSAPI.DLL
0x00007ff97c9d0000 - 0x00007ff97c9d9000 	C:\WINDOWS\SYSTEM32\WSOCK32.dll
0x00007ff990c00000 - 0x00007ff990c34000 	C:\WINDOWS\SYSTEM32\WINMM.dll
0x00007ff99bb50000 - 0x00007ff99bbc1000 	C:\WINDOWS\System32\WS2_32.dll
0x00007ff999240000 - 0x00007ff999258000 	C:\WINDOWS\SYSTEM32\kernel.appcore.dll
0x00007ff98c660000 - 0x00007ff98c66a000 	C:\Program Files\Java\jdk-17\bin\jimage.dll
0x00007ff997c60000 - 0x00007ff997e8e000 	C:\WINDOWS\SYSTEM32\DBGHELP.DLL
0x00007ff99cb00000 - 0x00007ff99ce8a000 	C:\WINDOWS\System32\combase.dll
0x00007ff99b4c0000 - 0x00007ff99b597000 	C:\WINDOWS\System32\OLEAUT32.dll
0x00007ff97c350000 - 0x00007ff97c382000 	C:\WINDOWS\SYSTEM32\dbgcore.DLL
0x00007ff99a7c0000 - 0x00007ff99a83a000 	C:\WINDOWS\System32\bcryptPrimitives.dll
0x00007ff982240000 - 0x00007ff982265000 	C:\Program Files\Java\jdk-17\bin\java.dll
0x00007ff957fb0000 - 0x00007ff958087000 	C:\Program Files\Java\jdk-17\bin\jsvml.dll
0x00007ff99c120000 - 0x00007ff99c943000 	C:\WINDOWS\System32\SHELL32.dll
0x00007ff998210000 - 0x00007ff998afa000 	C:\WINDOWS\SYSTEM32\windows.storage.dll
0x00007ff9980d0000 - 0x00007ff99820e000 	C:\WINDOWS\SYSTEM32\wintypes.dll
0x00007ff99ba50000 - 0x00007ff99bb43000 	C:\WINDOWS\System32\SHCORE.dll
0x00007ff99af20000 - 0x00007ff99af7e000 	C:\WINDOWS\System32\shlwapi.dll
0x00007ff99a1b0000 - 0x00007ff99a1d6000 	C:\WINDOWS\SYSTEM32\profapi.dll
0x00007ff981a70000 - 0x00007ff981a89000 	C:\Program Files\Java\jdk-17\bin\net.dll
0x00007ff990ac0000 - 0x00007ff990bf7000 	C:\WINDOWS\SYSTEM32\WINHTTP.dll
0x00007ff999840000 - 0x00007ff9998a9000 	C:\WINDOWS\system32\mswsock.dll
0x00007ff981440000 - 0x00007ff981456000 	C:\Program Files\Java\jdk-17\bin\nio.dll
0x00007ff980fe0000 - 0x00007ff980ff8000 	C:\Program Files\Java\jdk-17\bin\zip.dll
0x00007ff945360000 - 0x00007ff9454f1000 	C:\Program Files\Java\jdk-17\bin\awt.dll
0x00007ff994ad0000 - 0x00007ff994b67000 	C:\WINDOWS\SYSTEM32\apphelp.dll
0x00007ff994c90000 - 0x00007ff994d3b000 	C:\WINDOWS\system32\uxtheme.dll
0x00007ff990ee0000 - 0x00007ff991019000 	C:\ProgramData\A-Volute\A-Volute.Nahimic\Modules\Scheduled\x64\AudioDevProps2.dll
0x00007ff99b730000 - 0x00007ff99b8ce000 	C:\WINDOWS\System32\ole32.dll
0x00007ff99af80000 - 0x00007ff99b0c9000 	C:\WINDOWS\System32\MSCTF.dll
0x00007ff980e90000 - 0x00007ff980eda000 	C:\Program Files\Java\jdk-17\bin\javaaccessbridge.dll
0x00007ff982130000 - 0x00007ff982137000 	C:\Program Files\Java\jdk-17\bin\jawt.dll
0x00007ff9974b0000 - 0x00007ff9974db000 	C:\WINDOWS\system32\DWMAPI.DLL
0x00007ff959110000 - 0x00007ff959196000 	C:\Program Files\Java\jdk-17\bin\freetype.dll
0x00007ff9575c0000 - 0x00007ff957685000 	C:\Program Files\Java\jdk-17\bin\fontmanager.dll
0x00007ff94d750000 - 0x00007ff94d850000 	C:\WINDOWS\system32\opengl32.dll
0x00007ff94d8e0000 - 0x00007ff94d90d000 	C:\WINDOWS\SYSTEM32\GLU32.dll
0x00007ff997340000 - 0x00007ff997378000 	C:\WINDOWS\SYSTEM32\dxcore.dll
0x00007ff979a90000 - 0x00007ff979a96000 	C:\Users\Vu Hieu\AppData\Local\Temp\flatlaf.temp\flatlaf-windows-x86_64-4060737785083000.dll
0x00007ff980a10000 - 0x00007ff980a3e000 	C:\Program Files\Java\jdk-17\bin\javajpeg.dll
0x00007ff983070000 - 0x00007ff9831b4000 	C:\WINDOWS\SYSTEM32\textinputframework.dll
0x00007ff994700000 - 0x00007ff994833000 	C:\WINDOWS\SYSTEM32\CoreMessaging.dll
0x00007ff991070000 - 0x00007ff9913dc000 	C:\WINDOWS\SYSTEM32\CoreUIComponents.dll
0x00007ff999ab0000 - 0x00007ff999abc000 	C:\WINDOWS\SYSTEM32\CRYPTBASE.DLL

dbghelp: loaded successfully - version: 4.0.5 - missing functions: none
symbol engine: initialized successfully - sym options: 0x614 - pdb path: .;C:\Program Files\Java\jdk-17\bin;C:\WINDOWS\SYSTEM32;C:\WINDOWS\WinSxS\amd64_microsoft.windows.common-controls_6595b64144ccf1df_6.0.22621.2215_none_270d72677387dfc3;C:\Program Files\Java\jdk-17\bin\server;C:\ProgramData\A-Volute\A-Volute.Nahimic\Modules\Scheduled\x64;C:\Users\Vu Hieu\AppData\Local\Temp\flatlaf.temp

VM Arguments:
jvm_args: -Dfile.encoding=UTF-8 --module-path=D:\Poly\build\classes 
java_command: com.edusys.ui.ChaoJDialog
java_class_path (initial): D:\FPT Polytechnic\Ass1 javascript\data\Copy of TAI LIEU JAVA3\TAI LIEU JAVA3\sqljdbc42.jar;C:\Users\Vu Hieu\Downloads\flatlaf-3.2.1.jar;D:\Poly\build\classes
Launcher Type: SUN_STANDARD

[Global flags]
     intx CICompilerCount                          = 4                                         {product} {ergonomic}
     uint ConcGCThreads                            = 3                                         {product} {ergonomic}
     uint G1ConcRefinementThreads                  = 10                                        {product} {ergonomic}
   size_t G1HeapRegionSize                         = 1048576                                   {product} {ergonomic}
    uintx GCDrainStackTargetSize                   = 64                                        {product} {ergonomic}
   size_t InitialHeapSize                          = 130023424                                 {product} {ergonomic}
   size_t MarkStackSize                            = 4194304                                   {product} {ergonomic}
   size_t MaxHeapSize                              = 2069889024                                {product} {ergonomic}
   size_t MaxNewSize                               = 1241513984                                {product} {ergonomic}
   size_t MinHeapDeltaBytes                        = 1048576                                   {product} {ergonomic}
   size_t MinHeapSize                              = 8388608                                   {product} {ergonomic}
    uintx NonNMethodCodeHeapSize                   = 5839372                                {pd product} {ergonomic}
    uintx NonProfiledCodeHeapSize                  = 122909434                              {pd product} {ergonomic}
    uintx ProfiledCodeHeapSize                     = 122909434                              {pd product} {ergonomic}
    uintx ReservedCodeCacheSize                    = 251658240                              {pd product} {ergonomic}
     bool SegmentedCodeCache                       = true                                      {product} {ergonomic}
   size_t SoftMaxHeapSize                          = 2069889024                             {manageable} {ergonomic}
     bool UseCompressedClassPointers               = true                           {product lp64_product} {ergonomic}
     bool UseCompressedOops                        = true                           {product lp64_product} {ergonomic}
     bool UseG1GC                                  = true                                      {product} {ergonomic}
     bool UseLargePagesIndividualAllocation        = false                                  {pd product} {ergonomic}

Logging:
Log output configuration:
 #0: stdout all=warning uptime,level,tags
 #1: stderr all=off uptime,level,tags

Environment Variables:
JAVA_HOME=C:\Program Files\Java\jdk-19\bin
PATH=C:\Program Files\Common Files\Oracle\Java\javapath;C:\Windows\system32;C:\Windows;C:\Windows\System32\Wbem;C:\Windows\System32\WindowsPowerShell\v1.0\;C:\Windows\System32\OpenSSH\;C:\Program Files (x86)\NVIDIA Corporation\PhysX\Common;C:\Program Files\NVIDIA Corporation\NVIDIA NvDLISR;C:\WINDOWS\system32;C:\WINDOWS;C:\WINDOWS\System32\Wbem;C:\WINDOWS\System32\WindowsPowerShell\v1.0\;C:\WINDOWS\System32\OpenSSH\;C:\Program Files\dotnet\;C:\Program Files\Azure Data Studio\bin;C:\Program Files (x86)\Microsoft SQL Server\160\DTS\Binn\;%JAVA_HOME%\bin;C:\Program Files\Git\cmd;C:\Program Files\nodejs\;C:\Program Files (x86)\Microsoft SQL Server\150\Tools\Binn\;C:\Program Files\Microsoft SQL Server\150\Tools\Binn\;C:\Program Files (x86)\Microsoft SQL Server\150\DTS\Binn\;C:\Program Files\Microsoft SQL Server\150\DTS\Binn\;C:\Program Files\Microsoft SQL Server\Client SDK\ODBC\170\Tools\Binn\;C:\Users\Vu Hieu\AppData\Local\Microsoft\WindowsApps;D:\Microsoft VS Code\bin;C:\Program Files (x86)\nodejs;C:\Users\Vu Hieu\AppData\Roaming\npm;C:\Program Files\JetBrains\IntelliJ IDEA Community Edition 2023.1.1\bin
USERNAME=Vu Hieu
OS=Windows_NT
PROCESSOR_IDENTIFIER=Intel64 Family 6 Model 141 Stepping 1, GenuineIntel



---------------  S Y S T E M  ---------------

OS:
 Windows 11 , 64 bit Build 22621 (10.0.22621.2215)
OS uptime: 6 days 9:57 hours

CPU: total 12 (initial active 12) (6 cores per cpu, 2 threads per core) family 6 model 141 stepping 1 microcode 0x26, cx8, cmov, fxsr, ht, mmx, 3dnowpref, sse, sse2, sse3, ssse3, sse4.1, sse4.2, popcnt, lzcnt, tsc, tscinvbit, avx, avx2, aes, erms, clmul, bmi1, bmi2, adx, avx512f, avx512dq, avx512cd, avx512bw, avx512vl, sha, fma, vzeroupper, avx512_vpopcntdq, avx512_vpclmulqdq, avx512_vaes, avx512_vnni, clflush, clflushopt, clwb, avx512_vbmi2, avx512_vbmi

Memory: 4k page, system-wide physical 7893M (14M free)
TotalPageFile size 32469M (AvailPageFile size 32M)
current process WorkingSet (physical memory assigned to process): 40M, peak: 95M
current process commit charge ("private bytes"): 232M, peak: 245M

vm_info: Java HotSpot(TM) 64-Bit Server VM (17.0.7+8-LTS-224) for windows-amd64 JRE (17.0.7+8-LTS-224), built on Feb 28 2023 23:03:02 by "mach5one" with MS VC++ 17.1 (VS2022)

END.
